Старт обучения модели на 100 эпох(и)
Параметров в модели: 115
=== Эпоха 1/100 ===
[Тренировка] Средний Loss за эпоху: 0.3520
Train loss: 0.3520
[Валидация] Средний Loss за эпоху: 0.2290
Test loss: 0.2290
--------------------------------------------------
=== Эпоха 2/100 ===
[Тренировка] Средний Loss за эпоху: 0.2118
Train loss: 0.2118
[Валидация] Средний Loss за эпоху: 0.1273
Test loss: 0.1273
--------------------------------------------------
=== Эпоха 3/100 ===
[Тренировка] Средний Loss за эпоху: 0.1521
Train loss: 0.1521
[Валидация] Средний Loss за эпоху: 0.0935
Test loss: 0.0935
--------------------------------------------------
=== Эпоха 4/100 ===
[Тренировка] Средний Loss за эпоху: 0.1299
Train loss: 0.1299
[Валидация] Средний Loss за эпоху: 0.0852
Test loss: 0.0852
--------------------------------------------------
=== Эпоха 5/100 ===
[Тренировка] Средний Loss за эпоху: 0.1221
Train loss: 0.1221
[Валидация] Средний Loss за эпоху: 0.0820
Test loss: 0.0820
--------------------------------------------------
=== Эпоха 6/100 ===
[Тренировка] Средний Loss за эпоху: 0.1200
Train loss: 0.1200
[Валидация] Средний Loss за эпоху: 0.0800
Test loss: 0.0800
--------------------------------------------------
=== Эпоха 7/100 ===
[Тренировка] Средний Loss за эпоху: 0.1135
Train loss: 0.1135
[Валидация] Средний Loss за эпоху: 0.0788
Test loss: 0.0788
--------------------------------------------------
=== Эпоха 8/100 ===
[Тренировка] Средний Loss за эпоху: 0.1090
Train loss: 0.1090
[Валидация] Средний Loss за эпоху: 0.0786
Test loss: 0.0786
--------------------------------------------------
=== Эпоха 9/100 ===
[Тренировка] Средний Loss за эпоху: 0.1082
Train loss: 0.1082
[Валидация] Средний Loss за эпоху: 0.0777
Test loss: 0.0777
--------------------------------------------------
=== Эпоха 10/100 ===
[Тренировка] Средний Loss за эпоху: 0.1076
Train loss: 0.1076
[Валидация] Средний Loss за эпоху: 0.0772
Test loss: 0.0772
--------------------------------------------------
=== Эпоха 11/100 ===
[Тренировка] Средний Loss за эпоху: 0.1021
Train loss: 0.1021
[Валидация] Средний Loss за эпоху: 0.0767
Test loss: 0.0767
--------------------------------------------------
=== Эпоха 12/100 ===
[Тренировка] Средний Loss за эпоху: 0.1021
Train loss: 0.1021
[Валидация] Средний Loss за эпоху: 0.0764
Test loss: 0.0764
--------------------------------------------------
=== Эпоха 13/100 ===
[Тренировка] Средний Loss за эпоху: 0.0986
Train loss: 0.0986
[Валидация] Средний Loss за эпоху: 0.0759
Test loss: 0.0759
--------------------------------------------------
=== Эпоха 14/100 ===
[Тренировка] Средний Loss за эпоху: 0.0991
Train loss: 0.0991
[Валидация] Средний Loss за эпоху: 0.0763
Test loss: 0.0763
--------------------------------------------------
=== Эпоха 15/100 ===
[Тренировка] Средний Loss за эпоху: 0.0978
Train loss: 0.0978
[Валидация] Средний Loss за эпоху: 0.0749
Test loss: 0.0749
--------------------------------------------------
=== Эпоха 16/100 ===
[Тренировка] Средний Loss за эпоху: 0.0970
Train loss: 0.0970
[Валидация] Средний Loss за эпоху: 0.0751
Test loss: 0.0751
--------------------------------------------------
=== Эпоха 17/100 ===
[Тренировка] Средний Loss за эпоху: 0.0981
Train loss: 0.0981
[Валидация] Средний Loss за эпоху: 0.0751
Test loss: 0.0751
--------------------------------------------------
=== Эпоха 18/100 ===
[Тренировка] Средний Loss за эпоху: 0.0969
Train loss: 0.0969
[Валидация] Средний Loss за эпоху: 0.0745
Test loss: 0.0745
--------------------------------------------------
=== Эпоха 19/100 ===
[Тренировка] Средний Loss за эпоху: 0.0980
Train loss: 0.0980
[Валидация] Средний Loss за эпоху: 0.0746
Test loss: 0.0746
--------------------------------------------------
=== Эпоха 20/100 ===
[Тренировка] Средний Loss за эпоху: 0.0928
Train loss: 0.0928
[Валидация] Средний Loss за эпоху: 0.0744
Test loss: 0.0744
--------------------------------------------------
=== Эпоха 21/100 ===
[Тренировка] Средний Loss за эпоху: 0.0913
Train loss: 0.0913
[Валидация] Средний Loss за эпоху: 0.0747
Test loss: 0.0747
--------------------------------------------------
=== Эпоха 22/100 ===
[Тренировка] Средний Loss за эпоху: 0.0918
Train loss: 0.0918
[Валидация] Средний Loss за эпоху: 0.0744
Test loss: 0.0744
--------------------------------------------------
=== Эпоха 23/100 ===
[Тренировка] Средний Loss за эпоху: 0.0895
Train loss: 0.0895
[Валидация] Средний Loss за эпоху: 0.0747
Test loss: 0.0747
--------------------------------------------------
=== Эпоха 24/100 ===
[Тренировка] Средний Loss за эпоху: 0.0893
Train loss: 0.0893
[Валидация] Средний Loss за эпоху: 0.0748
Test loss: 0.0748
--------------------------------------------------
=== Эпоха 25/100 ===
[Тренировка] Средний Loss за эпоху: 0.0907
Train loss: 0.0907
[Валидация] Средний Loss за эпоху: 0.0743
Test loss: 0.0743
--------------------------------------------------
=== Эпоха 26/100 ===
[Тренировка] Средний Loss за эпоху: 0.0882
Train loss: 0.0882
[Валидация] Средний Loss за эпоху: 0.0743
Test loss: 0.0743
--------------------------------------------------
=== Эпоха 27/100 ===
[Тренировка] Средний Loss за эпоху: 0.0899
Train loss: 0.0899
[Валидация] Средний Loss за эпоху: 0.0739
Test loss: 0.0739
--------------------------------------------------
=== Эпоха 28/100 ===
[Тренировка] Средний Loss за эпоху: 0.0882
Train loss: 0.0882
[Валидация] Средний Loss за эпоху: 0.0740
Test loss: 0.0740
--------------------------------------------------
=== Эпоха 29/100 ===
[Тренировка] Средний Loss за эпоху: 0.0869
Train loss: 0.0869
[Валидация] Средний Loss за эпоху: 0.0738
Test loss: 0.0738
--------------------------------------------------
=== Эпоха 30/100 ===
[Тренировка] Средний Loss за эпоху: 0.0853
Train loss: 0.0853
[Валидация] Средний Loss за эпоху: 0.0737
Test loss: 0.0737
--------------------------------------------------
=== Эпоха 31/100 ===
[Тренировка] Средний Loss за эпоху: 0.0869
Train loss: 0.0869
[Валидация] Средний Loss за эпоху: 0.0734
Test loss: 0.0734
--------------------------------------------------
=== Эпоха 32/100 ===
[Тренировка] Средний Loss за эпоху: 0.0870
Train loss: 0.0870
[Валидация] Средний Loss за эпоху: 0.0737
Test loss: 0.0737
--------------------------------------------------
=== Эпоха 33/100 ===
[Тренировка] Средний Loss за эпоху: 0.0850
Train loss: 0.0850
[Валидация] Средний Loss за эпоху: 0.0736
Test loss: 0.0736
--------------------------------------------------
=== Эпоха 34/100 ===
[Тренировка] Средний Loss за эпоху: 0.0871
Train loss: 0.0871
[Валидация] Средний Loss за эпоху: 0.0732
Test loss: 0.0732
--------------------------------------------------
=== Эпоха 35/100 ===
[Тренировка] Средний Loss за эпоху: 0.0845
Train loss: 0.0845
[Валидация] Средний Loss за эпоху: 0.0733
Test loss: 0.0733
--------------------------------------------------
=== Эпоха 36/100 ===
[Тренировка] Средний Loss за эпоху: 0.0856
Train loss: 0.0856
[Валидация] Средний Loss за эпоху: 0.0729
Test loss: 0.0729
--------------------------------------------------
=== Эпоха 37/100 ===
[Тренировка] Средний Loss за эпоху: 0.0851
Train loss: 0.0851
[Валидация] Средний Loss за эпоху: 0.0733
Test loss: 0.0733
--------------------------------------------------
=== Эпоха 38/100 ===
[Тренировка] Средний Loss за эпоху: 0.0834
Train loss: 0.0834
[Валидация] Средний Loss за эпоху: 0.0731
Test loss: 0.0731
--------------------------------------------------
=== Эпоха 39/100 ===
[Тренировка] Средний Loss за эпоху: 0.0846
Train loss: 0.0846
[Валидация] Средний Loss за эпоху: 0.0733
Test loss: 0.0733
--------------------------------------------------
=== Эпоха 40/100 ===
[Тренировка] Средний Loss за эпоху: 0.0826
Train loss: 0.0826
[Валидация] Средний Loss за эпоху: 0.0732
Test loss: 0.0732
--------------------------------------------------
=== Эпоха 41/100 ===
[Тренировка] Средний Loss за эпоху: 0.0822
Train loss: 0.0822
[Валидация] Средний Loss за эпоху: 0.0733
Test loss: 0.0733
--------------------------------------------------
=== Эпоха 42/100 ===
[Тренировка] Средний Loss за эпоху: 0.0817
Train loss: 0.0817
[Валидация] Средний Loss за эпоху: 0.0736
Test loss: 0.0736
--------------------------------------------------
=== Эпоха 43/100 ===
[Тренировка] Средний Loss за эпоху: 0.0836
Train loss: 0.0836
[Валидация] Средний Loss за эпоху: 0.0734
Test loss: 0.0734
--------------------------------------------------
=== Эпоха 44/100 ===
[Тренировка] Средний Loss за эпоху: 0.0816
Train loss: 0.0816
[Валидация] Средний Loss за эпоху: 0.0731
Test loss: 0.0731
--------------------------------------------------
=== Эпоха 45/100 ===
[Тренировка] Средний Loss за эпоху: 0.0814
Train loss: 0.0814
[Валидация] Средний Loss за эпоху: 0.0731
Test loss: 0.0731
--------------------------------------------------
=== Эпоха 46/100 ===
[Тренировка] Средний Loss за эпоху: 0.0825
Train loss: 0.0825
[Валидация] Средний Loss за эпоху: 0.0731
Test loss: 0.0731
--------------------------------------------------
=== Эпоха 47/100 ===
[Тренировка] Средний Loss за эпоху: 0.0813
Train loss: 0.0813
[Валидация] Средний Loss за эпоху: 0.0730
Test loss: 0.0730
--------------------------------------------------
=== Эпоха 48/100 ===
[Тренировка] Средний Loss за эпоху: 0.0820
Train loss: 0.0820
[Валидация] Средний Loss за эпоху: 0.0731
Test loss: 0.0731
--------------------------------------------------
=== Эпоха 49/100 ===
[Тренировка] Средний Loss за эпоху: 0.0804
Train loss: 0.0804
[Валидация] Средний Loss за эпоху: 0.0731
Test loss: 0.0731
--------------------------------------------------
=== Эпоха 50/100 ===
[Тренировка] Средний Loss за эпоху: 0.0800
Train loss: 0.0800
[Валидация] Средний Loss за эпоху: 0.0731
Test loss: 0.0731
--------------------------------------------------
=== Эпоха 51/100 ===
[Тренировка] Средний Loss за эпоху: 0.0800
Train loss: 0.0800
[Валидация] Средний Loss за эпоху: 0.0734
Test loss: 0.0734
--------------------------------------------------
=== Эпоха 52/100 ===
[Тренировка] Средний Loss за эпоху: 0.0805
Train loss: 0.0805
[Валидация] Средний Loss за эпоху: 0.0733
Test loss: 0.0733
--------------------------------------------------
=== Эпоха 53/100 ===
[Тренировка] Средний Loss за эпоху: 0.0816
Train loss: 0.0816
[Валидация] Средний Loss за эпоху: 0.0729
Test loss: 0.0729
--------------------------------------------------
=== Эпоха 54/100 ===
[Тренировка] Средний Loss за эпоху: 0.0800
Train loss: 0.0800
[Валидация] Средний Loss за эпоху: 0.0731
Test loss: 0.0731
--------------------------------------------------
=== Эпоха 55/100 ===
[Тренировка] Средний Loss за эпоху: 0.0795
Train loss: 0.0795
[Валидация] Средний Loss за эпоху: 0.0729
Test loss: 0.0729
--------------------------------------------------
=== Эпоха 56/100 ===
[Тренировка] Средний Loss за эпоху: 0.0802
Train loss: 0.0802
[Валидация] Средний Loss за эпоху: 0.0732
Test loss: 0.0732
--------------------------------------------------
=== Эпоха 57/100 ===
[Тренировка] Средний Loss за эпоху: 0.0804
Train loss: 0.0804
[Валидация] Средний Loss за эпоху: 0.0733
Test loss: 0.0733
--------------------------------------------------
=== Эпоха 58/100 ===
[Тренировка] Средний Loss за эпоху: 0.0809
Train loss: 0.0809
[Валидация] Средний Loss за эпоху: 0.0730
Test loss: 0.0730
--------------------------------------------------
=== Эпоха 59/100 ===
[Тренировка] Средний Loss за эпоху: 0.0806
Train loss: 0.0806
[Валидация] Средний Loss за эпоху: 0.0730
Test loss: 0.0730
--------------------------------------------------
=== Эпоха 60/100 ===
[Тренировка] Средний Loss за эпоху: 0.0790
Train loss: 0.0790
[Валидация] Средний Loss за эпоху: 0.0729
Test loss: 0.0729
--------------------------------------------------
=== Эпоха 61/100 ===
[Тренировка] Средний Loss за эпоху: 0.0800
Train loss: 0.0800
[Валидация] Средний Loss за эпоху: 0.0728
Test loss: 0.0728
--------------------------------------------------
=== Эпоха 62/100 ===
[Тренировка] Средний Loss за эпоху: 0.0796
Train loss: 0.0796
[Валидация] Средний Loss за эпоху: 0.0730
Test loss: 0.0730
--------------------------------------------------
=== Эпоха 63/100 ===
[Тренировка] Средний Loss за эпоху: 0.0787
Train loss: 0.0787
[Валидация] Средний Loss за эпоху: 0.0729
Test loss: 0.0729
--------------------------------------------------
=== Эпоха 64/100 ===
[Тренировка] Средний Loss за эпоху: 0.0800
Train loss: 0.0800
[Валидация] Средний Loss за эпоху: 0.0727
Test loss: 0.0727
--------------------------------------------------
=== Эпоха 65/100 ===
[Тренировка] Средний Loss за эпоху: 0.0790
Train loss: 0.0790
[Валидация] Средний Loss за эпоху: 0.0730
Test loss: 0.0730
--------------------------------------------------
=== Эпоха 66/100 ===
[Тренировка] Средний Loss за эпоху: 0.0782
Train loss: 0.0782
[Валидация] Средний Loss за эпоху: 0.0731
Test loss: 0.0731
--------------------------------------------------
=== Эпоха 67/100 ===
[Тренировка] Средний Loss за эпоху: 0.0766
Train loss: 0.0766
[Валидация] Средний Loss за эпоху: 0.0727
Test loss: 0.0727
--------------------------------------------------
=== Эпоха 68/100 ===
[Тренировка] Средний Loss за эпоху: 0.0790
Train loss: 0.0790
[Валидация] Средний Loss за эпоху: 0.0730
Test loss: 0.0730
--------------------------------------------------
=== Эпоха 69/100 ===
[Тренировка] Средний Loss за эпоху: 0.0802
Train loss: 0.0802
[Валидация] Средний Loss за эпоху: 0.0729
Test loss: 0.0729
--------------------------------------------------
=== Эпоха 70/100 ===
[Тренировка] Средний Loss за эпоху: 0.0791
Train loss: 0.0791
[Валидация] Средний Loss за эпоху: 0.0729
Test loss: 0.0729
--------------------------------------------------
=== Эпоха 71/100 ===
[Тренировка] Средний Loss за эпоху: 0.0772
Train loss: 0.0772
[Валидация] Средний Loss за эпоху: 0.0731
Test loss: 0.0731
--------------------------------------------------
=== Эпоха 72/100 ===
[Тренировка] Средний Loss за эпоху: 0.0770
Train loss: 0.0770
[Валидация] Средний Loss за эпоху: 0.0727
Test loss: 0.0727
--------------------------------------------------
=== Эпоха 73/100 ===
[Тренировка] Средний Loss за эпоху: 0.0788
Train loss: 0.0788
[Валидация] Средний Loss за эпоху: 0.0728
Test loss: 0.0728
--------------------------------------------------
=== Эпоха 74/100 ===
[Тренировка] Средний Loss за эпоху: 0.0767
Train loss: 0.0767
[Валидация] Средний Loss за эпоху: 0.0728
Test loss: 0.0728
--------------------------------------------------
=== Эпоха 75/100 ===
[Тренировка] Средний Loss за эпоху: 0.0780
Train loss: 0.0780
[Валидация] Средний Loss за эпоху: 0.0725
Test loss: 0.0725
--------------------------------------------------
=== Эпоха 76/100 ===
[Тренировка] Средний Loss за эпоху: 0.0770
Train loss: 0.0770
[Валидация] Средний Loss за эпоху: 0.0726
Test loss: 0.0726
--------------------------------------------------
=== Эпоха 77/100 ===
[Тренировка] Средний Loss за эпоху: 0.0770
Train loss: 0.0770
[Валидация] Средний Loss за эпоху: 0.0726
Test loss: 0.0726
--------------------------------------------------
=== Эпоха 78/100 ===
[Тренировка] Средний Loss за эпоху: 0.0781
Train loss: 0.0781
[Валидация] Средний Loss за эпоху: 0.0726
Test loss: 0.0726
--------------------------------------------------
=== Эпоха 79/100 ===
[Тренировка] Средний Loss за эпоху: 0.0771
Train loss: 0.0771
[Валидация] Средний Loss за эпоху: 0.0727
Test loss: 0.0727
--------------------------------------------------
=== Эпоха 80/100 ===
[Тренировка] Средний Loss за эпоху: 0.0768
Train loss: 0.0768
[Валидация] Средний Loss за эпоху: 0.0726
Test loss: 0.0726
--------------------------------------------------
=== Эпоха 81/100 ===
[Тренировка] Средний Loss за эпоху: 0.0776
Train loss: 0.0776
[Валидация] Средний Loss за эпоху: 0.0726
Test loss: 0.0726
--------------------------------------------------
=== Эпоха 82/100 ===
[Тренировка] Средний Loss за эпоху: 0.0772
Train loss: 0.0772
[Валидация] Средний Loss за эпоху: 0.0727
Test loss: 0.0727
--------------------------------------------------
=== Эпоха 83/100 ===
[Тренировка] Средний Loss за эпоху: 0.0770
Train loss: 0.0770
[Валидация] Средний Loss за эпоху: 0.0724
Test loss: 0.0724
--------------------------------------------------
=== Эпоха 84/100 ===
[Тренировка] Средний Loss за эпоху: 0.0777
Train loss: 0.0777
[Валидация] Средний Loss за эпоху: 0.0727
Test loss: 0.0727
--------------------------------------------------
=== Эпоха 85/100 ===
[Тренировка] Средний Loss за эпоху: 0.0777
Train loss: 0.0777
[Валидация] Средний Loss за эпоху: 0.0730
Test loss: 0.0730
--------------------------------------------------
=== Эпоха 86/100 ===
[Тренировка] Средний Loss за эпоху: 0.0771
Train loss: 0.0771
[Валидация] Средний Loss за эпоху: 0.0723
Test loss: 0.0723
--------------------------------------------------
=== Эпоха 87/100 ===
[Тренировка] Средний Loss за эпоху: 0.0754
Train loss: 0.0754
[Валидация] Средний Loss за эпоху: 0.0727
Test loss: 0.0727
--------------------------------------------------
=== Эпоха 88/100 ===
[Тренировка] Средний Loss за эпоху: 0.0758
Train loss: 0.0758
[Валидация] Средний Loss за эпоху: 0.0726
Test loss: 0.0726
--------------------------------------------------
=== Эпоха 89/100 ===
[Тренировка] Средний Loss за эпоху: 0.0774
Train loss: 0.0774
[Валидация] Средний Loss за эпоху: 0.0724
Test loss: 0.0724
--------------------------------------------------
=== Эпоха 90/100 ===
[Тренировка] Средний Loss за эпоху: 0.0774
Train loss: 0.0774
[Валидация] Средний Loss за эпоху: 0.0724
Test loss: 0.0724
--------------------------------------------------
=== Эпоха 91/100 ===
[Тренировка] Средний Loss за эпоху: 0.0774
Train loss: 0.0774
[Валидация] Средний Loss за эпоху: 0.0723
Test loss: 0.0723
--------------------------------------------------
=== Эпоха 92/100 ===
[Тренировка] Средний Loss за эпоху: 0.0778
Train loss: 0.0778
[Валидация] Средний Loss за эпоху: 0.0725
Test loss: 0.0725
--------------------------------------------------
=== Эпоха 93/100 ===
[Тренировка] Средний Loss за эпоху: 0.0769
Train loss: 0.0769
[Валидация] Средний Loss за эпоху: 0.0722
Test loss: 0.0722
--------------------------------------------------
=== Эпоха 94/100 ===
[Тренировка] Средний Loss за эпоху: 0.0761
Train loss: 0.0761
[Валидация] Средний Loss за эпоху: 0.0727
Test loss: 0.0727
--------------------------------------------------
=== Эпоха 95/100 ===
[Тренировка] Средний Loss за эпоху: 0.0770
Train loss: 0.0770
[Валидация] Средний Loss за эпоху: 0.0727
Test loss: 0.0727
--------------------------------------------------
=== Эпоха 96/100 ===
[Тренировка] Средний Loss за эпоху: 0.0774
Train loss: 0.0774
[Валидация] Средний Loss за эпоху: 0.0723
Test loss: 0.0723
--------------------------------------------------
=== Эпоха 97/100 ===
[Тренировка] Средний Loss за эпоху: 0.0777
Train loss: 0.0777
[Валидация] Средний Loss за эпоху: 0.0723
Test loss: 0.0723
--------------------------------------------------
=== Эпоха 98/100 ===
[Тренировка] Средний Loss за эпоху: 0.0764
Train loss: 0.0764
[Валидация] Средний Loss за эпоху: 0.0725
Test loss: 0.0725
--------------------------------------------------
=== Эпоха 99/100 ===
[Тренировка] Средний Loss за эпоху: 0.0759
Train loss: 0.0759
[Валидация] Средний Loss за эпоху: 0.0723
Test loss: 0.0723
--------------------------------------------------
=== Эпоха 100/100 ===
[Тренировка] Средний Loss за эпоху: 0.0763
Train loss: 0.0763
[Валидация] Средний Loss за эпоху: 0.0724
Test loss: 0.0724
--------------------------------------------------
Обучение завершено. Всего эпох: 100
Финальное значение Test Loss: 0.0724
